This is pdfTeX, Version 3.14159265-2.6-1.40.15 (TeX Live 2014) (preloaded format=pdflatex 2014.5.25)  18 OCT 2016 09:58
entering extended mode
 restricted \write18 enabled.
 %&-line parsing enabled.
**hw2.tex
(./hw2.tex
LaTeX2e <2014/05/01>
Babel <3.9k> and hyphenation patterns for 78 languages loaded.
(/usr/local/texlive/2014/texmf-dist/tex/latex/amscls/amsart.cls
Document Class: amsart 2009/07/02 v2.20.1
\linespacing=\dimen102
\normalparindent=\dimen103
\normaltopskip=\skip41
(/usr/local/texlive/2014/texmf-dist/tex/latex/amsmath/amsmath.sty
Package: amsmath 2013/01/14 v2.14 AMS math features
\@mathmargin=\skip42

For additional information on amsmath, use the `?' option.
(/usr/local/texlive/2014/texmf-dist/tex/latex/amsmath/amstext.sty
Package: amstext 2000/06/29 v2.01

(/usr/local/texlive/2014/texmf-dist/tex/latex/amsmath/amsgen.sty
File: amsgen.sty 1999/11/30 v2.0
\@emptytoks=\toks14
\ex@=\dimen104
))
(/usr/local/texlive/2014/texmf-dist/tex/latex/amsmath/amsbsy.sty
Package: amsbsy 1999/11/29 v1.2d
\pmbraise@=\dimen105
)
(/usr/local/texlive/2014/texmf-dist/tex/latex/amsmath/amsopn.sty
Package: amsopn 1999/12/14 v2.01 operator names
)
\inf@bad=\count79
LaTeX Info: Redefining \frac on input line 210.
\uproot@=\count80
\leftroot@=\count81
LaTeX Info: Redefining \overline on input line 306.
\classnum@=\count82
\DOTSCASE@=\count83
LaTeX Info: Redefining \ldots on input line 378.
LaTeX Info: Redefining \dots on input line 381.
LaTeX Info: Redefining \cdots on input line 466.
\Mathstrutbox@=\box26
\strutbox@=\box27
\big@size=\dimen106
LaTeX Font Info:    Redeclaring font encoding OML on input line 566.
LaTeX Font Info:    Redeclaring font encoding OMS on input line 567.
\macc@depth=\count84
\c@MaxMatrixCols=\count85
\dotsspace@=\muskip10
\c@parentequation=\count86
\dspbrk@lvl=\count87
\tag@help=\toks15
\row@=\count88
\column@=\count89
\maxfields@=\count90
\andhelp@=\toks16
\eqnshift@=\dimen107
\alignsep@=\dimen108
\tagshift@=\dimen109
\tagwidth@=\dimen110
\totwidth@=\dimen111
\lineht@=\dimen112
\@envbody=\toks17
\multlinegap=\skip43
\multlinetaggap=\skip44
\mathdisplay@stack=\toks18
LaTeX Info: Redefining \[ on input line 2665.
LaTeX Info: Redefining \] on input line 2666.
)
LaTeX Font Info:    Try loading font information for U+msa on input line 388.

(/usr/local/texlive/2014/texmf-dist/tex/latex/amsfonts/umsa.fd
File: umsa.fd 2013/01/14 v3.01 AMS symbols A
)
(/usr/local/texlive/2014/texmf-dist/tex/latex/amsfonts/amsfonts.sty
Package: amsfonts 2013/01/14 v3.01 Basic AMSFonts support


Package amsfonts Warning: The 'psamsfonts' option is obsolete in AMSFonts v3.

\symAMSa=\mathgroup4
\symAMSb=\mathgroup5
LaTeX Font Info:    Overwriting math alphabet `\mathfrak' in version `bold'
(Font)                  U/euf/m/n --> U/euf/b/n on input line 106.
)
\copyins=\insert233
\abstractbox=\box28
\listisep=\skip45
\c@part=\count91
\c@section=\count92
\c@subsection=\count93
\c@subsubsection=\count94
\c@paragraph=\count95
\c@subparagraph=\count96
\c@figure=\count97
\c@table=\count98
\abovecaptionskip=\skip46
\belowcaptionskip=\skip47
\captionindent=\dimen113
\thm@style=\toks19
\thm@bodyfont=\toks20
\thm@headfont=\toks21
\thm@notefont=\toks22
\thm@headpunct=\toks23
\thm@preskip=\skip48
\thm@postskip=\skip49
\thm@headsep=\skip50
\dth@everypar=\toks24
) (/usr/local/texlive/2014/texmf-dist/tex/latex/amsfonts/amssymb.sty
Package: amssymb 2013/01/14 v3.01 AMS font symbols
)
(/usr/local/texlive/2014/texmf-dist/tex/latex/tools/enumerate.sty
Package: enumerate 1999/03/05 v3.00 enumerate extensions (DPC)
\@enLab=\toks25
)
(/usr/local/texlive/2014/texmf-dist/tex/latex/caption/subcaption.sty
Package: subcaption 2013/02/03 v1.1-62 Sub-captions (AR)

(/usr/local/texlive/2014/texmf-dist/tex/latex/caption/caption.sty
Package: caption 2013/05/02 v3.3-89 Customizing captions (AR)

(/usr/local/texlive/2014/texmf-dist/tex/latex/caption/caption3.sty
Package: caption3 2013/05/02 v1.6-88 caption3 kernel (AR)
Package caption3 Info: TeX engine: e-TeX on input line 57.

(/usr/local/texlive/2014/texmf-dist/tex/latex/graphics/keyval.sty
Package: keyval 2014/05/08 v1.15 key=value parser (DPC)
\KV@toks@=\toks26
)
\captionmargin=\dimen114
\captionmargin@=\dimen115
\captionwidth=\dimen116
\caption@tempdima=\dimen117
\caption@indent=\dimen118
\caption@parindent=\dimen119
\caption@hangindent=\dimen120
)
Package caption Info: AMS or SMF document class.
\c@ContinuedFloat=\count99
)
\c@subfigure=\count100
\c@subtable=\count101
)
(/usr/local/texlive/2014/texmf-dist/tex/latex/graphics/graphicx.sty
Package: graphicx 2014/04/25 v1.0g Enhanced LaTeX Graphics (DPC,SPQR)

(/usr/local/texlive/2014/texmf-dist/tex/latex/graphics/graphics.sty
Package: graphics 2009/02/05 v1.0o Standard LaTeX Graphics (DPC,SPQR)

(/usr/local/texlive/2014/texmf-dist/tex/latex/graphics/trig.sty
Package: trig 1999/03/16 v1.09 sin cos tan (DPC)
)
(/usr/local/texlive/2014/texmf-dist/tex/latex/latexconfig/graphics.cfg
File: graphics.cfg 2010/04/23 v1.9 graphics configuration of TeX Live
)
Package graphics Info: Driver file: pdftex.def on input line 91.

(/usr/local/texlive/2014/texmf-dist/tex/latex/pdftex-def/pdftex.def
File: pdftex.def 2011/05/27 v0.06d Graphics/color for pdfTeX

(/usr/local/texlive/2014/texmf-dist/tex/generic/oberdiek/infwarerr.sty
Package: infwarerr 2010/04/08 v1.3 Providing info/warning/error messages (HO)
)
(/usr/local/texlive/2014/texmf-dist/tex/generic/oberdiek/ltxcmds.sty
Package: ltxcmds 2011/11/09 v1.22 LaTeX kernel commands for general use (HO)
)
\Gread@gobject=\count102
))
\Gin@req@height=\dimen121
\Gin@req@width=\dimen122
)
(/usr/local/texlive/2014/texmf-dist/tex/latex/geometry/geometry.sty
Package: geometry 2010/09/12 v5.6 Page Geometry

(/usr/local/texlive/2014/texmf-dist/tex/generic/oberdiek/ifpdf.sty
Package: ifpdf 2011/01/30 v2.3 Provides the ifpdf switch (HO)
Package ifpdf Info: pdfTeX in PDF mode is detected.
)
(/usr/local/texlive/2014/texmf-dist/tex/generic/oberdiek/ifvtex.sty
Package: ifvtex 2010/03/01 v1.5 Detect VTeX and its facilities (HO)
Package ifvtex Info: VTeX not detected.
)
(/usr/local/texlive/2014/texmf-dist/tex/generic/ifxetex/ifxetex.sty
Package: ifxetex 2010/09/12 v0.6 Provides ifxetex conditional
)
\Gm@cnth=\count103
\Gm@cntv=\count104
\c@Gm@tempcnt=\count105
\Gm@bindingoffset=\dimen123
\Gm@wd@mp=\dimen124
\Gm@odd@mp=\dimen125
\Gm@even@mp=\dimen126
\Gm@layoutwidth=\dimen127
\Gm@layoutheight=\dimen128
\Gm@layouthoffset=\dimen129
\Gm@layoutvoffset=\dimen130
\Gm@dimlist=\toks27
)
\c@thm=\count106

\bibstyle{plain}
(./hw2.aux)
\openout1 = `hw2.aux'.

LaTeX Font Info:    Checking defaults for OML/cmm/m/it on input line 54.
LaTeX Font Info:    ... okay on input line 54.
LaTeX Font Info:    Checking defaults for T1/cmr/m/n on input line 54.
LaTeX Font Info:    ... okay on input line 54.
LaTeX Font Info:    Checking defaults for OT1/cmr/m/n on input line 54.
LaTeX Font Info:    ... okay on input line 54.
LaTeX Font Info:    Checking defaults for OMS/cmsy/m/n on input line 54.
LaTeX Font Info:    ... okay on input line 54.
LaTeX Font Info:    Checking defaults for OMX/cmex/m/n on input line 54.
LaTeX Font Info:    ... okay on input line 54.
LaTeX Font Info:    Checking defaults for U/cmr/m/n on input line 54.
LaTeX Font Info:    ... okay on input line 54.
LaTeX Font Info:    Try loading font information for U+msa on input line 54.
 (/usr/local/texlive/2014/texmf-dist/tex/latex/amsfonts/umsa.fd
File: umsa.fd 2013/01/14 v3.01 AMS symbols A
)
LaTeX Font Info:    Try loading font information for U+msb on input line 54.

(/usr/local/texlive/2014/texmf-dist/tex/latex/amsfonts/umsb.fd
File: umsb.fd 2013/01/14 v3.01 AMS symbols B
)
Package caption Info: Begin \AtBeginDocument code.
Package caption Info: End \AtBeginDocument code.

(/usr/local/texlive/2014/texmf-dist/tex/context/base/supp-pdf.mkii
[Loading MPS to PDF converter (version 2006.09.02).]
\scratchcounter=\count107
\scratchdimen=\dimen131
\scratchbox=\box29
\nofMPsegments=\count108
\nofMParguments=\count109
\everyMPshowfont=\toks28
\MPscratchCnt=\count110
\MPscratchDim=\dimen132
\MPnumerator=\count111
\makeMPintoPDFobject=\count112
\everyMPtoPDFconversion=\toks29
) (/usr/local/texlive/2014/texmf-dist/tex/generic/oberdiek/pdftexcmds.sty
Package: pdftexcmds 2011/11/29 v0.20 Utility functions of pdfTeX for LuaTeX (HO
)

(/usr/local/texlive/2014/texmf-dist/tex/generic/oberdiek/ifluatex.sty
Package: ifluatex 2010/03/01 v1.3 Provides the ifluatex switch (HO)
Package ifluatex Info: LuaTeX not detected.
)
Package pdftexcmds Info: LuaTeX not detected.
Package pdftexcmds Info: \pdf@primitive is available.
Package pdftexcmds Info: \pdf@ifprimitive is available.
Package pdftexcmds Info: \pdfdraftmode found.
)
(/usr/local/texlive/2014/texmf-dist/tex/latex/oberdiek/epstopdf-base.sty
Package: epstopdf-base 2010/02/09 v2.5 Base part for package epstopdf

(/usr/local/texlive/2014/texmf-dist/tex/latex/oberdiek/grfext.sty
Package: grfext 2010/08/19 v1.1 Manage graphics extensions (HO)

(/usr/local/texlive/2014/texmf-dist/tex/generic/oberdiek/kvdefinekeys.sty
Package: kvdefinekeys 2011/04/07 v1.3 Define keys (HO)
))
(/usr/local/texlive/2014/texmf-dist/tex/latex/oberdiek/kvoptions.sty
Package: kvoptions 2011/06/30 v3.11 Key value format for package options (HO)

(/usr/local/texlive/2014/texmf-dist/tex/generic/oberdiek/kvsetkeys.sty
Package: kvsetkeys 2012/04/25 v1.16 Key value parser (HO)

(/usr/local/texlive/2014/texmf-dist/tex/generic/oberdiek/etexcmds.sty
Package: etexcmds 2011/02/16 v1.5 Avoid name clashes with e-TeX commands (HO)
Package etexcmds Info: Could not find \expanded.
(etexcmds)             That can mean that you are not using pdfTeX 1.50 or
(etexcmds)             that some package has redefined \expanded.
(etexcmds)             In the latter case, load this package earlier.
)))
Package grfext Info: Graphics extension search list:
(grfext)             [.png,.pdf,.jpg,.mps,.jpeg,.jbig2,.jb2,.PNG,.PDF,.JPG,.JPE
G,.JBIG2,.JB2,.eps]
(grfext)             \AppendGraphicsExtensions on input line 452.

(/usr/local/texlive/2014/texmf-dist/tex/latex/latexconfig/epstopdf-sys.cfg
File: epstopdf-sys.cfg 2010/07/13 v1.3 Configuration of (r)epstopdf for TeX Liv
e
))
*geometry* driver: auto-detecting
*geometry* detected driver: pdftex
*geometry* verbose mode - [ preamble ] result:
* driver: pdftex
* paper: <default>
* layout: <same size as paper>
* layoutoffset:(h,v)=(0.0pt,0.0pt)
* modes: twoside 
* h-part:(L,W,R)=(21.68121pt, 570.93257pt, 21.68121pt)
* v-part:(T,H,B)=(21.68121pt, 751.60756pt, 21.68121pt)
* \paperwidth=614.295pt
* \paperheight=794.96999pt
* \textwidth=570.93257pt
* \textheight=751.60756pt
* \oddsidemargin=-50.58878pt
* \evensidemargin=-50.58878pt
* \topmargin=-72.58878pt
* \headheight=8.0pt
* \headsep=14.0pt
* \topskip=10.0pt
* \footskip=12.0pt
* \marginparwidth=90.0pt
* \marginparsep=11.0pt
* \columnsep=10.0pt
* \skip\footins=7.0pt plus 11.0pt
* \hoffset=0.0pt
* \voffset=0.0pt
* \mag=1000
* \@twocolumnfalse
* \@twosidetrue
* \@mparswitchtrue
* \@reversemarginfalse
* (1in=72.27pt=25.4mm, 1cm=28.453pt)


LaTeX Warning: File `hw2_1-1_1.pdf' not found on input line 73.


! Package pdftex.def Error: File `hw2_1-1_1.pdf' not found.

See the pdftex.def package documentation for explanation.
Type  H <return>  for immediate help.
 ...                                              
                                                  
l.73 ...egraphics[width=\textwidth]{hw2_1-1_1.pdf}
                                                  
Using draft setting for this image.
Try typing  <return>  to proceed.
If that doesn't work, type  X <return>  to quit.

[1{/usr/local/texlive/2014/texmf-var/fonts/map/pdftex/updmap/pdftex.map}]
<hw1_1-1_0.pdf, id=20, 578.16pt x 433.62pt>
File: hw1_1-1_0.pdf Graphic file (type pdf)
 <use hw1_1-1_0.pdf>
Package pdftex.def Info: hw1_1-1_0.pdf used on input line 116.
(pdftex.def)             Requested size: 131.31204pt x 98.47998pt.

<hw1_1-1_1.pdf, id=21, 578.16pt x 433.62pt>
File: hw1_1-1_1.pdf Graphic file (type pdf)
 <use hw1_1-1_1.pdf>
Package pdftex.def Info: hw1_1-1_1.pdf used on input line 120.
(pdftex.def)             Requested size: 131.31204pt x 98.47998pt.

<hw1_1-1_2.pdf, id=22, 578.16pt x 433.62pt>
File: hw1_1-1_2.pdf Graphic file (type pdf)
 <use hw1_1-1_2.pdf>
Package pdftex.def Info: hw1_1-1_2.pdf used on input line 124.
(pdftex.def)             Requested size: 131.31204pt x 98.47998pt.

<hw1_1-1_3.pdf, id=23, 578.16pt x 433.62pt>
File: hw1_1-1_3.pdf Graphic file (type pdf)
 <use hw1_1-1_3.pdf>
Package pdftex.def Info: hw1_1-1_3.pdf used on input line 128.
(pdftex.def)             Requested size: 131.31204pt x 98.47998pt.

<hw1_1-2_0.pdf, id=24, 578.16pt x 433.62pt>
File: hw1_1-2_0.pdf Graphic file (type pdf)
 <use hw1_1-2_0.pdf>
Package pdftex.def Info: hw1_1-2_0.pdf used on input line 137.
(pdftex.def)             Requested size: 131.31204pt x 98.47998pt.

<hw1_1-2_1.pdf, id=25, 578.16pt x 433.62pt>
File: hw1_1-2_1.pdf Graphic file (type pdf)
 <use hw1_1-2_1.pdf>
Package pdftex.def Info: hw1_1-2_1.pdf used on input line 141.
(pdftex.def)             Requested size: 131.31204pt x 98.47998pt.

<hw1_1-2_2.pdf, id=26, 578.16pt x 433.62pt>
File: hw1_1-2_2.pdf Graphic file (type pdf)
 <use hw1_1-2_2.pdf>
Package pdftex.def Info: hw1_1-2_2.pdf used on input line 145.
(pdftex.def)             Requested size: 131.31204pt x 98.47998pt.

<hw1_1-2_3.pdf, id=27, 578.16pt x 433.62pt>
File: hw1_1-2_3.pdf Graphic file (type pdf)
 <use hw1_1-2_3.pdf>
Package pdftex.def Info: hw1_1-2_3.pdf used on input line 149.
(pdftex.def)             Requested size: 131.31204pt x 98.47998pt.

<hw1_1-2a.pdf, id=28, 578.16pt x 433.62pt>
File: hw1_1-2a.pdf Graphic file (type pdf)
 <use hw1_1-2a.pdf>
Package pdftex.def Info: hw1_1-2a.pdf used on input line 164.
(pdftex.def)             Requested size: 171.28151pt x 128.45934pt.

<hw1_1-2b.pdf, id=29, 578.16pt x 433.62pt>
File: hw1_1-2b.pdf Graphic file (type pdf)
 <use hw1_1-2b.pdf>
Package pdftex.def Info: hw1_1-2b.pdf used on input line 168.
(pdftex.def)             Requested size: 171.28151pt x 128.45934pt.
 [2 <./hw1_1-1_0.pdf> <./hw1_1-1_1.pdf

pdfTeX warning: /usr/texbin/pdflatex (file ./hw1_1-1_1.pdf): PDF inclusion: mul
tiple pdfs with page group included in a single page
> <./hw1_1-1_2.pdf

pdfTeX warning: /usr/texbin/pdflatex (file ./hw1_1-1_2.pdf): PDF inclusion: mul
tiple pdfs with page group included in a single page
> <./hw1_1-1_3.pdf

pdfTeX warning: /usr/texbin/pdflatex (file ./hw1_1-1_3.pdf): PDF inclusion: mul
tiple pdfs with page group included in a single page
> <./hw1_1-2_0.pdf

pdfTeX warning: /usr/texbin/pdflatex (file ./hw1_1-2_0.pdf): PDF inclusion: mul
tiple pdfs with page group included in a single page
> <./hw1_1-2_1.pdf

pdfTeX warning: /usr/texbin/pdflatex (file ./hw1_1-2_1.pdf): PDF inclusion: mul
tiple pdfs with page group included in a single page
> <./hw1_1-2_2.pdf

pdfTeX warning: /usr/texbin/pdflatex (file ./hw1_1-2_2.pdf): PDF inclusion: mul
tiple pdfs with page group included in a single page
> <./hw1_1-2_3.pdf

pdfTeX warning: /usr/texbin/pdflatex (file ./hw1_1-2_3.pdf): PDF inclusion: mul
tiple pdfs with page group included in a single page
>] <hw1_1-3_acc_both.png, id=321, 578.16pt x 433.62pt>
File: hw1_1-3_acc_both.png Graphic file (type png)

<use hw1_1-3_acc_both.png>
Package pdftex.def Info: hw1_1-3_acc_both.png used on input line 196.
(pdftex.def)             Requested size: 171.28151pt x 128.45934pt.
 <hw1_1-3_timeGD.pdf, id=323, 578.16pt x 433.62pt>
File: hw1_1-3_timeGD.pdf Graphic file (type pdf)

<use hw1_1-3_timeGD.pdf>
Package pdftex.def Info: hw1_1-3_timeGD.pdf used on input line 200.
(pdftex.def)             Requested size: 171.28151pt x 128.45934pt.
 <hw1_1-3_timeSGD.pdf, id=324, 578.16pt x 433.62pt>
File: hw1_1-3_timeSGD.pdf Graphic file (type pdf)

<use hw1_1-3_timeSGD.pdf>
Package pdftex.def Info: hw1_1-3_timeSGD.pdf used on input line 204.
(pdftex.def)             Requested size: 171.28151pt x 128.45934pt.
 [3 <./hw1_1-2a.pdf> <./hw1_1-2b.pdf

pdfTeX warning: /usr/texbin/pdflatex (file ./hw1_1-2b.pdf): PDF inclusion: mult
iple pdfs with page group included in a single page
> <./hw1_1-3_acc_both.png> <./hw1_1-3_timeGD.pdf

pdfTeX warning: /usr/texbin/pdflatex (file ./hw1_1-3_timeGD.pdf): PDF inclusion
: multiple pdfs with page group included in a single page
> <./hw1_1-3_timeSGD.pdf

pdfTeX warning: /usr/texbin/pdflatex (file ./hw1_1-3_timeSGD.pdf): PDF inclusio
n: multiple pdfs with page group included in a single page
>] <hw1_2-1_0.pdf, id=470, 578.16pt x 433.62pt>
File: hw1_2-1_0.pdf Graphic file (type pdf)
 <use hw1_2-1_0.pdf>
Package pdftex.def Info: hw1_2-1_0.pdf used on input line 226.
(pdftex.def)             Requested size: 137.02695pt x 102.76747pt.

<hw1_2-1_1.pdf, id=471, 578.16pt x 433.62pt>
File: hw1_2-1_1.pdf Graphic file (type pdf)
 <use hw1_2-1_1.pdf>
Package pdftex.def Info: hw1_2-1_1.pdf used on input line 230.
(pdftex.def)             Requested size: 137.02695pt x 102.76747pt.

<hw1_2-1_3.pdf, id=472, 578.16pt x 433.62pt>
File: hw1_2-1_3.pdf Graphic file (type pdf)
 <use hw1_2-1_3.pdf>
Package pdftex.def Info: hw1_2-1_3.pdf used on input line 234.
(pdftex.def)             Requested size: 137.02695pt x 102.76747pt.

<hw1_2-1_10.pdf, id=473, 578.16pt x 433.62pt>
File: hw1_2-1_10.pdf Graphic file (type pdf)
 <use hw1_2-1_10.pdf>
Package pdftex.def Info: hw1_2-1_10.pdf used on input line 238.
(pdftex.def)             Requested size: 137.02695pt x 102.76747pt.

<hw1_2-3_0.png, id=474, 578.16pt x 433.62pt>
File: hw1_2-3_0.png Graphic file (type png)
 <use hw1_2-3_0.png>
Package pdftex.def Info: hw1_2-3_0.png used on input line 262.
(pdftex.def)             Requested size: 137.02695pt x 102.76747pt.

<hw1_2-3_2.png, id=475, 578.16pt x 433.62pt>
File: hw1_2-3_2.png Graphic file (type png)
 <use hw1_2-3_2.png>
Package pdftex.def Info: hw1_2-3_2.png used on input line 266.
(pdftex.def)             Requested size: 137.02695pt x 102.76747pt.

<hw1_2-3_3.png, id=476, 578.16pt x 433.62pt>
File: hw1_2-3_3.png Graphic file (type png)
 <use hw1_2-3_3.png>
Package pdftex.def Info: hw1_2-3_3.png used on input line 270.
(pdftex.def)             Requested size: 137.02695pt x 102.76747pt.

<hw1_2-3_5.png, id=477, 578.16pt x 433.62pt>
File: hw1_2-3_5.png Graphic file (type png)
 <use hw1_2-3_5.png>
Package pdftex.def Info: hw1_2-3_5.png used on input line 274.
(pdftex.def)             Requested size: 137.02695pt x 102.76747pt.
 [4 <./hw1_2-1_0.pdf> <./hw1_2-1_1.pdf

pdfTeX warning: /usr/texbin/pdflatex (file ./hw1_2-1_1.pdf): PDF inclusion: mul
tiple pdfs with page group included in a single page
> <./hw1_2-1_3.pdf

pdfTeX warning: /usr/texbin/pdflatex (file ./hw1_2-1_3.pdf): PDF inclusion: mul
tiple pdfs with page group included in a single page
> <./hw1_2-1_10.pdf

pdfTeX warning: /usr/texbin/pdflatex (file ./hw1_2-1_10.pdf): PDF inclusion: mu
ltiple pdfs with page group included in a single page
>] <hw1_2-4.pdf, id=551, 578.16pt x 433.62pt>
File: hw1_2-4.pdf Graphic file (type pdf)
 <use hw1_2-4.pdf>
Package pdftex.def Info: hw1_2-4.pdf used on input line 287.
(pdftex.def)             Requested size: 142.73314pt x 107.04834pt.

<hw1_3-1_3.pdf, id=552, 578.16pt x 433.62pt>
File: hw1_3-1_3.pdf Graphic file (type pdf)
 <use hw1_3-1_3.pdf>
Package pdftex.def Info: hw1_3-1_3.pdf used on input line 303.
(pdftex.def)             Requested size: 137.02695pt x 102.76747pt.

<hw1_3-1_5.pdf, id=553, 578.16pt x 433.62pt>
File: hw1_3-1_5.pdf Graphic file (type pdf)
 <use hw1_3-1_5.pdf>
Package pdftex.def Info: hw1_3-1_5.pdf used on input line 307.
(pdftex.def)             Requested size: 137.02695pt x 102.76747pt.

<hw1_3-1_8.pdf, id=554, 578.16pt x 433.62pt>
File: hw1_3-1_8.pdf Graphic file (type pdf)
 <use hw1_3-1_8.pdf>
Package pdftex.def Info: hw1_3-1_8.pdf used on input line 311.
(pdftex.def)             Requested size: 137.02695pt x 102.76747pt.

<hw1_3-1_10.pdf, id=555, 578.16pt x 433.62pt>
File: hw1_3-1_10.pdf Graphic file (type pdf)
 <use hw1_3-1_10.pdf>
Package pdftex.def Info: hw1_3-1_10.pdf used on input line 315.
(pdftex.def)             Requested size: 137.02695pt x 102.76747pt.
 [5 <./hw1_2-3_0.png> <./hw1_2-3_2.png> <./hw1_2-3_3.png> <./hw1_2-3_5.png> <./
hw1_2-4.pdf> <./hw1_3-1_3.pdf

pdfTeX warning: /usr/texbin/pdflatex (file ./hw1_3-1_3.pdf): PDF inclusion: mul
tiple pdfs with page group included in a single page
> <./hw1_3-1_5.pdf

pdfTeX warning: /usr/texbin/pdflatex (file ./hw1_3-1_5.pdf): PDF inclusion: mul
tiple pdfs with page group included in a single page
> <./hw1_3-1_8.pdf

pdfTeX warning: /usr/texbin/pdflatex (file ./hw1_3-1_8.pdf): PDF inclusion: mul
tiple pdfs with page group included in a single page
> <./hw1_3-1_10.pdf

pdfTeX warning: /usr/texbin/pdflatex (file ./hw1_3-1_10.pdf): PDF inclusion: mu
ltiple pdfs with page group included in a single page
>] <hw1_3-2_A.pdf, id=693, 578.16pt x 433.62pt>
File: hw1_3-2_A.pdf Graphic file (type pdf)
 <use hw1_3-2_A.pdf>
Package pdftex.def Info: hw1_3-2_A.pdf used on input line 332.
(pdftex.def)             Requested size: 137.02695pt x 102.76747pt.

<hw1_3-2_A_err.pdf, id=694, 578.16pt x 433.62pt>
File: hw1_3-2_A_err.pdf Graphic file (type pdf)
 <use hw1_3-2_A_err.pdf>
Package pdftex.def Info: hw1_3-2_A_err.pdf used on input line 336.
(pdftex.def)             Requested size: 137.02695pt x 102.76747pt.

<hw1_3-2_B.pdf, id=695, 578.16pt x 433.62pt>
File: hw1_3-2_B.pdf Graphic file (type pdf)
 <use hw1_3-2_B.pdf>
Package pdftex.def Info: hw1_3-2_B.pdf used on input line 340.
(pdftex.def)             Requested size: 137.02695pt x 102.76747pt.

<hw1_3-2_B_err.png, id=696, 578.16pt x 433.62pt>
File: hw1_3-2_B_err.png Graphic file (type png)
 <use hw1_3-2_B_err.png>
Package pdftex.def Info: hw1_3-2_B_err.png used on input line 344.
(pdftex.def)             Requested size: 137.02695pt x 102.76747pt.

[6 <./hw1_3-2_A.pdf> <./hw1_3-2_A_err.pdf

pdfTeX warning: /usr/texbin/pdflatex (file ./hw1_3-2_A_err.pdf): PDF inclusion:
 multiple pdfs with page group included in a single page
> <./hw1_3-2_B.pdf

pdfTeX warning: /usr/texbin/pdflatex (file ./hw1_3-2_B.pdf): PDF inclusion: mul
tiple pdfs with page group included in a single page
> <./hw1_3-2_B_err.png>] <hw1_4-1.pdf, id=762, 578.16pt x 433.62pt>
File: hw1_4-1.pdf Graphic file (type pdf)

<use hw1_4-1.pdf>
Package pdftex.def Info: hw1_4-1.pdf used on input line 369.
(pdftex.def)             Requested size: 142.73314pt x 107.04834pt.
 <hw1_4-1_2.pdf, id=763, 578.16pt x 433.62pt>
File: hw1_4-1_2.pdf Graphic file (type pdf)

<use hw1_4-1_2.pdf>
Package pdftex.def Info: hw1_4-1_2.pdf used on input line 373.
(pdftex.def)             Requested size: 142.73314pt x 107.04834pt.
 <hw1_4-1_3.pdf, id=764, 578.16pt x 433.62pt>
File: hw1_4-1_3.pdf Graphic file (type pdf)

<use hw1_4-1_3.pdf>
Package pdftex.def Info: hw1_4-1_3.pdf used on input line 377.
(pdftex.def)             Requested size: 142.73314pt x 107.04834pt.
 <hw1_4-2_1.pdf, id=765, 578.16pt x 433.62pt>
File: hw1_4-2_1.pdf Graphic file (type pdf)

<use hw1_4-2_1.pdf>
Package pdftex.def Info: hw1_4-2_1.pdf used on input line 386.
(pdftex.def)             Requested size: 137.02695pt x 102.76747pt.
 <hw1_4-2_2.pdf, id=766, 578.16pt x 433.62pt>
File: hw1_4-2_2.pdf Graphic file (type pdf)

<use hw1_4-2_2.pdf>
Package pdftex.def Info: hw1_4-2_2.pdf used on input line 390.
(pdftex.def)             Requested size: 137.02695pt x 102.76747pt.
 <hw1_4-2_3.pdf, id=767, 578.16pt x 433.62pt>
File: hw1_4-2_3.pdf Graphic file (type pdf)

<use hw1_4-2_3.pdf>
Package pdftex.def Info: hw1_4-2_3.pdf used on input line 394.
(pdftex.def)             Requested size: 137.02695pt x 102.76747pt.
 <hw1_4-2_4.pdf, id=768, 578.16pt x 433.62pt>
File: hw1_4-2_4.pdf Graphic file (type pdf)

<use hw1_4-2_4.pdf>
Package pdftex.def Info: hw1_4-2_4.pdf used on input line 398.
(pdftex.def)             Requested size: 137.02695pt x 102.76747pt.
 [7 <./hw1_4-1.pdf> <./hw1_4-1_2.pdf

pdfTeX warning: /usr/texbin/pdflatex (file ./hw1_4-1_2.pdf): PDF inclusion: mul
tiple pdfs with page group included in a single page
> <./hw1_4-1_3.pdf

pdfTeX warning: /usr/texbin/pdflatex (file ./hw1_4-1_3.pdf): PDF inclusion: mul
tiple pdfs with page group included in a single page
> <./hw1_4-2_1.pdf

pdfTeX warning: /usr/texbin/pdflatex (file ./hw1_4-2_1.pdf): PDF inclusion: mul
tiple pdfs with page group included in a single page
> <./hw1_4-2_2.pdf

pdfTeX warning: /usr/texbin/pdflatex (file ./hw1_4-2_2.pdf): PDF inclusion: mul
tiple pdfs with page group included in a single page
> <./hw1_4-2_3.pdf

pdfTeX warning: /usr/texbin/pdflatex (file ./hw1_4-2_3.pdf): PDF inclusion: mul
tiple pdfs with page group included in a single page
> <./hw1_4-2_4.pdf

pdfTeX warning: /usr/texbin/pdflatex (file ./hw1_4-2_4.pdf): PDF inclusion: mul
tiple pdfs with page group included in a single page
>] (./hw2.aux) ) 
Here is how much of TeX's memory you used:
 4685 strings out of 493117
 67028 string characters out of 6135433
 133417 words of memory out of 5000000
 7898 multiletter control sequences out of 15000+600000
 11408 words of font info for 45 fonts, out of 8000000 for 9000
 1302 hyphenation exceptions out of 8191
 42i,9n,40p,1537b,496s stack positions out of 5000i,500n,10000p,200000b,80000s
</usr/local/texlive/2014/texmf-dist/fonts/type1/public/amsfonts
/cm/cmbx10.pfb></usr/local/texlive/2014/texmf-dist/fonts/type1/public/amsfonts/
cm/cmcsc10.pfb></usr/local/texlive/2014/texmf-dist/fonts/type1/public/amsfonts/
cm/cmex10.pfb></usr/local/texlive/2014/texmf-dist/fonts/type1/public/amsfonts/c
m/cmmi10.pfb></usr/local/texlive/2014/texmf-dist/fonts/type1/public/amsfonts/cm
/cmmi5.pfb></usr/local/texlive/2014/texmf-dist/fonts/type1/public/amsfonts/cm/c
mmi7.pfb></usr/local/texlive/2014/texmf-dist/fonts/type1/public/amsfonts/cm/cmm
i9.pfb></usr/local/texlive/2014/texmf-dist/fonts/type1/public/amsfonts/cm/cmr10
.pfb></usr/local/texlive/2014/texmf-dist/fonts/type1/public/amsfonts/cm/cmr5.pf
b></usr/local/texlive/2014/texmf-dist/fonts/type1/public/amsfonts/cm/cmr6.pfb><
/usr/local/texlive/2014/texmf-dist/fonts/type1/public/amsfonts/cm/cmr7.pfb></us
r/local/texlive/2014/texmf-dist/fonts/type1/public/amsfonts/cm/cmr9.pfb></usr/l
ocal/texlive/2014/texmf-dist/fonts/type1/public/amsfonts/cm/cmsy10.pfb></usr/lo
cal/texlive/2014/texmf-dist/fonts/type1/public/amsfonts/cm/cmsy5.pfb></usr/loca
l/texlive/2014/texmf-dist/fonts/type1/public/amsfonts/cm/cmsy7.pfb></usr/local/
texlive/2014/texmf-dist/fonts/type1/public/amsfonts/cm/cmsy9.pfb></usr/local/te
xlive/2014/texmf-dist/fonts/type1/public/amsfonts/cm/cmti10.pfb></usr/local/tex
live/2014/texmf-dist/fonts/type1/public/amsfonts/cm/cmtt10.pfb>
Output written on hw2.pdf (7 pages, 924958 bytes).
PDF statistics:
 981 PDF objects out of 1000 (max. 8388607)
 234 compressed objects within 3 object streams
 0 named destinations out of 1000 (max. 500000)
 186 words of extra memory for PDF output out of 10000 (max. 10000000)

